<?xml version="1.0" encoding="UTF-8"?>
<testsuite xmlns:xsi="http://www.w3.org/2001/XMLSchema-instance" xsi:noNamespaceSchemaLocation="https://maven.apache.org/surefire/maven-surefire-plugin/xsd/surefire-test-report.xsd" version="3.0.2" name="br.infnet.tp1guilda.audit.AuditMappingDataJpaTest" time="4.249" tests="1" errors="0" skipped="0" failures="0">
  <properties>
[...]
</properties>
  <testcase name="deveCarregarUsuarioRolesOrganizationEPermissions" classname="br.infnet.tp1guilda.audit.AuditMappingDataJpaTest" time="0.475">
    <system-out><![CDATA[22:37:17.622 [main] INFO org.springframework.test.context.support.AnnotationConfigContextLoaderUtils -- Could not detect default configuration classes for test class [br.infnet.tp1guilda.audit.AuditMappingDataJpaTest]: AuditMappingDataJpaTest does not declare any static, non-private, non-final, nested classes annotated with @Configuration.
22:37:17.726 [main] INFO org.springframework.boot.test.context.SpringBootTestContextBootstrapper -- Found @SpringBootConfiguration br.infnet.tp1guilda.Tp1GuildaApplication for test class br.infnet.tp1guilda.audit.AuditMappingDataJpaTest

  .   ____          _            __ _ _
 /\\ / ___'_ __ _ _(_)_ __  __ _ \ \ \ \
( ( )\___ | '_ | '_| | '_ \/ _` | \ \ \ \
 \\/  ___)| |_)| | | | | || (_| |  ) ) ) )
  '  |____| .__|_| |_|_| |_\__, | / / / /
 =========|_|==============|___/=/_/_/_/

 :: Spring Boot ::                (v4.0.3)

2026-04-04T22:37:18.066-03:00  INFO 10228 --- [TP1Guilda] [           main] b.i.t.audit.AuditMappingDataJpaTest      : Starting AuditMappingDataJpaTest using Java 21.0.10 with PID 10228 (started by joaop in C:\Users\joaop\IdeaProjects\TP2Guilda)
2026-04-04T22:37:18.067-03:00  INFO 10228 --- [TP1Guilda] [           main] b.i.t.audit.AuditMappingDataJpaTest      : No active profile set, falling back to 1 default profile: "default"
2026-04-04T22:37:18.571-03:00  INFO 10228 --- [TP1Guilda] [           main] .s.d.r.c.RepositoryConfigurationDelegate : Bootstrapping Spring Data JPA repositories in DEFAULT mode.
2026-04-04T22:37:18.618-03:00  INFO 10228 --- [TP1Guilda] [           main] .s.d.r.c.RepositoryConfigurationDelegate : Finished Spring Data repository scanning in 41 ms. Found 4 JPA repository interfaces.
2026-04-04T22:37:18.931-03:00  INFO 10228 --- [TP1Guilda] [           main] org.hibernate.orm.jpa                    : HHH008540: Processing PersistenceUnitInfo [name: default]
2026-04-04T22:37:19.004-03:00  INFO 10228 --- [TP1Guilda] [           main] org.hibernate.orm.core                   : HHH000001: Hibernate ORM core version 7.2.4.Final
2026-04-04T22:37:19.432-03:00  INFO 10228 --- [TP1Guilda] [           main] o.s.o.j.p.SpringPersistenceUnitInfo      : No LoadTimeWeaver setup: ignoring JPA class transformer
2026-04-04T22:37:19.460-03:00  INFO 10228 --- [TP1Guilda] [           main] com.zaxxer.hikari.HikariDataSource       : HikariPool-1 - Starting...
2026-04-04T22:37:19.665-03:00  INFO 10228 --- [TP1Guilda] [           main] com.zaxxer.hikari.pool.HikariPool        : HikariPool-1 - Added connection org.postgresql.jdbc.PgConnection@2fa47368
2026-04-04T22:37:19.666-03:00  INFO 10228 --- [TP1Guilda] [           main] com.zaxxer.hikari.HikariDataSource       : HikariPool-1 - Start completed.
2026-04-04T22:37:19.772-03:00  INFO 10228 --- [TP1Guilda] [           main] org.hibernate.orm.connections.pooling    : HHH10001005: Database info:
	Database JDBC URL [jdbc:postgresql://localhost:5432/postgres]
	Database driver: PostgreSQL JDBC Driver
	Database dialect: PostgreSQLDialect
	Database version: 17.8
	Default catalog/schema: postgres/public
	Autocommit mode: undefined/unknown
	Isolation level: READ_COMMITTED [default READ_COMMITTED]
	JDBC fetch size: none
	Pool: DataSourceConnectionProvider
	Minimum pool size: undefined/unknown
	Maximum pool size: undefined/unknown
2026-04-04T22:37:20.552-03:00  INFO 10228 --- [TP1Guilda] [           main] org.hibernate.orm.core                   : HHH000489: No JTA platform available (set 'hibernate.transaction.jta.platform' to enable JTA platform integration)
2026-04-04T22:37:20.559-03:00  INFO 10228 --- [TP1Guilda] [           main] j.LocalContainerEntityManagerFactoryBean : Initialized JPA EntityManagerFactory for persistence unit 'default'
2026-04-04T22:37:20.698-03:00  WARN 10228 --- [TP1Guilda] [           main] JpaBaseConfiguration$JpaWebConfiguration : spring.jpa.open-in-view is enabled by default. Therefore, database queries may be performed during view rendering. Explicitly configure spring.jpa.open-in-view to disable this warning
2026-04-04T22:37:20.999-03:00  INFO 10228 --- [TP1Guilda] [           main] o.s.d.j.r.query.QueryEnhancerFactories   : Hibernate is in classpath; If applicable, HQL parser will be used.
2026-04-04T22:37:21.205-03:00  INFO 10228 --- [TP1Guilda] [           main] b.i.t.audit.AuditMappingDataJpaTest      : Started AuditMappingDataJpaTest in 3.346 seconds (process running for 4.309)
Hibernate: select u1_0.id,u1_0.created_at,u1_0.email,u1_0.nome,u1_0.organizacao_id,u1_0.senha_hash,u1_0.status,u1_0.ultimo_login_em,u1_0.updated_at from audit.usuarios u1_0
Hibernate: select r1_0.usuario_id,r1_1.id,r1_1.created_at,r1_1.descricao,r1_1.nome,r1_1.organizacao_id from audit.user_roles r1_0 join audit.roles r1_1 on r1_1.id=r1_0.role_id where r1_0.usuario_id=?
Hibernate: select p1_0.role_id,p1_1.id,p1_1.code,p1_1.descricao from audit.role_permissions p1_0 join audit.permissions p1_1 on p1_1.id=p1_0.permission_id where p1_0.role_id=?
]]></system-out>
    <system-err><![CDATA[Mockito is currently self-attaching to enable the inline-mock-maker. This will no longer work in future releases of the JDK. Please add Mockito as an agent to your build as described in Mockito's documentation: https://javadoc.io/doc/org.mockito/mockito-core/latest/org.mockito/org/mockito/Mockito.html#0.3
WARNING: A Java agent has been loaded dynamically (C:\Users\joaop\.m2\repository\net\bytebuddy\byte-buddy-agent\1.17.8\byte-buddy-agent-1.17.8.jar)
WARNING: If a serviceability tool is in use, please run with -XX:+EnableDynamicAgentLoading to hide this warning
WARNING: If a serviceability tool is not in use, please run with -Djdk.instrument.traceUsage for more information
WARNING: Dynamic loading of agents will be disallowed by default in a future release
]]></system-err>
  </testcase>
</testsuite>